  CExceptClass.cpp
  CMessage.cpp
  CRingBuffer.cpp
  FriendManageServer(Select,Json).cpp
C:\Users\user\Documents\FriendManage-Server-Select-Model-Json-\FriendManageServer(Select,Json).cpp(282,23): warning C4309: '인수': 상수 값이 잘립니다.
C:\Users\user\Documents\FriendManage-Server-Select-Model-Json-\FriendManageServer(Select,Json).cpp(323,25): warning C4309: '인수': 상수 값이 잘립니다.
C:\Users\user\Documents\FriendManage-Server-Select-Model-Json-\FriendManageServer(Select,Json).cpp(277,15): warning C4101: 'retval' :참조되지 않은 지역 변수입니다.
C:\Users\user\Documents\FriendManage-Server-Select-Model-Json-\FriendManageServer(Select,Json).cpp(277,6): warning C4101: 'addrlen' :참조되지 않은 지역 변수입니다.
C:\Users\user\Documents\FriendManage-Server-Select-Model-Json-\FriendManageServer(Select,Json).cpp(557,6): warning C4101: 'retval' :참조되지 않은 지역 변수입니다.
C:\Users\user\Documents\FriendManage-Server-Select-Model-Json-\FriendManageServer(Select,Json).cpp(821,35): warning C4267: '=': 'size_t'에서 'int'(으)로 변환하면서 데이터가 손실될 수 있습니다.
C:\Users\user\Documents\FriendManage-Server-Select-Model-Json-\FriendManageServer(Select,Json).cpp(842,45): warning C4267: '초기화 중': 'size_t'에서 'int'(으)로 변환하면서 데이터가 손실될 수 있습니다.
C:\Users\user\Documents\FriendManage-Server-Select-Model-Json-\FriendManageServer(Select,Json).cpp(861,146): warning C4267: '인수': 'size_t'에서 'int'(으)로 변환하면서 데이터가 손실될 수 있습니다.
C:\Users\user\Documents\FriendManage-Server-Select-Model-Json-\FriendManageServer(Select,Json).cpp(896,30): warning C4244: '=': 'UINT64'에서 'int'(으)로 변환하면서 데이터가 손실될 수 있습니다.
C:\Users\user\Documents\FriendManage-Server-Select-Model-Json-\FriendManageServer(Select,Json).cpp(1305,30): warning C4267: '초기화 중': 'size_t'에서 'UINT'(으)로 변환하면서 데이터가 손실될 수 있습니다.
  stdafx.cpp
  코드를 생성하고 있습니다.
  Previous IPDB not found, fall back to full compilation.
  All 551 functions were compiled because no usable IPDB/IOBJ from previous compilation was found.
  코드를 생성했습니다.
  JSON Practice.vcxproj -> C:\Users\user\Documents\FriendManage-Server-Select-Model-Json-\x64\Release\JSON Practice.exe
