e:\c++\friendmanage-server-select-model-json-\x64\debug\json practice.pch
e:\c++\friendmanage-server-select-model-json-\x64\debug\vc142.pdb
e:\c++\friendmanage-server-select-model-json-\x64\debug\vc142.idb
e:\c++\friendmanage-server-select-model-json-\x64\debug\stdafx.obj
e:\c++\friendmanage-server-select-model-json-\x64\debug\friendmanageserver(select,json).obj
e:\c++\friendmanage-server-select-model-json-\x64\debug\cringbuffer.obj
e:\c++\friendmanage-server-select-model-json-\x64\debug\cmessage.obj
e:\c++\friendmanage-server-select-model-json-\x64\debug\cexceptclass.obj
e:\c++\friendmanage-server-select-model-json-\x64\debug\json practice.tlog\cl.command.1.tlog
e:\c++\friendmanage-server-select-model-json-\x64\debug\json practice.tlog\cl.read.1.tlog
e:\c++\friendmanage-server-select-model-json-\x64\debug\json practice.tlog\cl.write.1.tlog
e:\c++\friendmanage-server-select-model-json-\x64\debug\json practice.tlog\link.15124-cvtres.read.1.tlog
e:\c++\friendmanage-server-select-model-json-\x64\debug\json practice.tlog\link.15124-cvtres.write.1.tlog
e:\c++\friendmanage-server-select-model-json-\x64\debug\json practice.tlog\link.15124-rc.read.1.tlog
e:\c++\friendmanage-server-select-model-json-\x64\debug\json practice.tlog\link.15124-rc.write.1.tlog
e:\c++\friendmanage-server-select-model-json-\x64\debug\json practice.tlog\link.15124.read.1.tlog
e:\c++\friendmanage-server-select-model-json-\x64\debug\json practice.tlog\link.15124.write.1.tlog
e:\c++\friendmanage-server-select-model-json-\x64\debug\json practice.tlog\link.command.1.tlog
e:\c++\friendmanage-server-select-model-json-\x64\debug\json practice.tlog\link.read.1.tlog
e:\c++\friendmanage-server-select-model-json-\x64\debug\json practice.tlog\link.write.1.tlog
